This file contains any messages produced by compilers while
running configure, to aid debugging if configure makes a mistake.

It was created by asterisk configure trunk, which was
generated by GNU Autoconf 2.69.  Invocation command line was

  $ /asterisk-download/asterisk-18.5.1/./configure 

## --------- ##
## Platform. ##
## --------- ##

hostname = eb3c1e1a8bde
uname -m = x86_64
uname -r = 5.4.72-microsoft-standard-WSL2
uname -s = Linux
uname -v = #1 SMP Wed Oct 28 23:40:43 UTC 2020

/usr/bin/uname -p = x86_64
/bin/uname -X     = unknown

/bin/arch              = x86_64
/usr/bin/arch -k       = unknown
/usr/convex/getsysinfo = unknown
/usr/bin/hostinfo      = unknown
/bin/machine           = unknown
/usr/bin/oslevel       = unknown
/bin/universe          = unknown

PATH: /usr/local/sbin
PATH: /usr/local/bin
PATH: /usr/sbin
PATH: /usr/bin
PATH: /sbin
PATH: /bin
PATH: /snap/bin


## ----------- ##
## Core tests. ##
## ----------- ##

configure:3514: checking build system type
configure:3528: result: x86_64-pc-linux-gnu
configure:3548: checking host system type
configure:3561: result: x86_64-pc-linux-gnu
configure:3659: checking for gcc
configure:3675: found /usr/bin/gcc
configure:3686: result: gcc
configure:3717: checking for C compiler version
configure:3726: gcc --version >&5
gcc (Ubuntu 9.3.0-17ubuntu1~20.04) 9.3.0
Copyright (C) 2019 Free Software Foundation, Inc.
This is free software; see the source for copying conditions.  There is NO
warranty; not even for MERCHANTABILITY or FITNESS FOR A PARTICULAR PURPOSE.

configure:3737: $? = 0
configure:3726: gcc -v >&5
Using built-in specs.
COLLECT_GCC=gcc
COLLECT_LTO_WRAPPER=/usr/lib/gcc/x86_64-linux-gnu/9/lto-wrapper
OFFLOAD_TARGET_NAMES=nvptx-none:hsa
OFFLOAD_TARGET_DEFAULT=1
Target: x86_64-linux-gnu
Configured with: ../src/configure -v --with-pkgversion='Ubuntu 9.3.0-17ubuntu1~20.04' --with-bugurl=file:///usr/share/doc/gcc-9/README.Bugs --enable-languages=c,ada,c++,go,brig,d,fortran,objc,obj-c++,gm2 --prefix=/usr --with-gcc-major-version-only --program-suffix=-9 --program-prefix=x86_64-linux-gnu- --enable-shared --enable-linker-build-id --libexecdir=/usr/lib --without-included-gettext --enable-threads=posix --libdir=/usr/lib --enable-nls --enable-clocale=gnu --enable-libstdcxx-debug --enable-libstdcxx-time=yes --with-default-libstdcxx-abi=new --enable-gnu-unique-object --disable-vtable-verify --enable-plugin --enable-default-pie --with-system-zlib --with-target-system-zlib=auto --enable-objc-gc=auto --enable-multiarch --disable-werror --with-arch-32=i686 --with-abi=m64 --with-multilib-list=m32,m64,mx32 --enable-multilib --with-tune=generic --enable-offload-targets=nvptx-none=/build/gcc-9-HskZEa/gcc-9-9.3.0/debian/tmp-nvptx/usr,hsa --without-cuda-driver --enable-checking=release --build=x86_64-linux-gnu --host=x86_64-linux-gnu --target=x86_64-linux-gnu
Thread model: posix
gcc version 9.3.0 (Ubuntu 9.3.0-17ubuntu1~20.04) 
configure:3737: $? = 0
configure:3726: gcc -V >&5
gcc: error: unrecognized command line option '-V'
gcc: fatal error: no input files
compilation terminated.
configure:3737: $? = 1
configure:3726: gcc -qversion >&5
gcc: error: unrecognized command line option '-qversion'; did you mean '--version'?
gcc: fatal error: no input files
compilation terminated.
configure:3737: $? = 1
configure:3757: checking whether the C compiler works
configure:3779: gcc    conftest.c  >&5
configure:3783: $? = 0
configure:3831: result: yes
configure:3834: checking for C compiler default output file name
configure:3836: result: a.out
configure:3842: checking for suffix of executables
configure:3849: gcc -o conftest    conftest.c  >&5
configure:3853: $? = 0
configure:3875: result: 
configure:3897: checking whether we are cross compiling
configure:3905: gcc -o conftest    conftest.c  >&5
configure:3909: $? = 0
configure:3916: ./conftest
configure:3920: $? = 0
configure:3908: result: no
configure:3913: checking for suffix of object files
configure:3935: gcc -c   conftest.c >&5
configure:3939: $? = 0
configure:3960: result: o
configure:3964: checking whether we are using the GNU C compiler
configure:3983: gcc -c   conftest.c >&5
configure:3983: $? = 0
configure:3992: result: yes
configure:4001: checking whether gcc accepts -g
configure:4021: gcc -c -g  conftest.c >&5
configure:4021: $? = 0
configure:4062: result: yes
configure:4079: checking for gcc option to accept ISO C89
configure:4142: gcc  -c -g -O2  conftest.c >&5
configure:4142: $? = 0
configure:4155: result: none needed
configure:4182: checking how to run the C preprocessor
configure:4213: gcc -E  conftest.c
configure:4213: $? = 0
configure:4227: gcc -E  conftest.c
conftest.c:9:10: fatal error: ac_nonexistent.h: No such file or directory
    9 | #include <ac_nonexistent.h>
      |          ^~~~~~~~~~~~~~~~~~
compilation terminated.
configure:4227: $? = 1
configure: failed program was:
| /* confdefs.h */
| #define PACKAGE_NAME "asterisk"
| #define PACKAGE_TARNAME "asterisk"
| #define PACKAGE_VERSION "trunk"
| #define PACKAGE_STRING "asterisk trunk"
| #define PACKAGE_BUGREPORT "https://issues.asterisk.org"
| #define PACKAGE_URL ""
| /* end confdefs.h.  */
| #include <ac_nonexistent.h>
configure:4252: result: gcc -E
configure:4272: gcc -E  conftest.c
configure:4272: $? = 0
configure:4286: gcc -E  conftest.c
conftest.c:9:10: fatal error: ac_nonexistent.h: No such file or directory
    9 | #include <ac_nonexistent.h>
      |          ^~~~~~~~~~~~~~~~~~
compilation terminated.
configure:4286: $? = 1
configure: failed program was:
| /* confdefs.h */
| #define PACKAGE_NAME "asterisk"
| #define PACKAGE_TARNAME "asterisk"
| #define PACKAGE_VERSION "trunk"
| #define PACKAGE_STRING "asterisk trunk"
| #define PACKAGE_BUGREPORT "https://issues.asterisk.org"
| #define PACKAGE_URL ""
| /* end confdefs.h.  */
| #include <ac_nonexistent.h>
configure:4315: checking for grep that handles long lines and -e
configure:4373: result: /usr/bin/grep
configure:4378: checking for egrep
configure:4440: result: /usr/bin/grep -E
configure:4445: checking for ANSI C header files
configure:4465: gcc -c -g -O2  conftest.c >&5
configure:4465: $? = 0
configure:4538: gcc -o conftest -g -O2   conftest.c  >&5
configure:4538: $? = 0
configure:4538: ./conftest
configure:4538: $? = 0
configure:4549: result: yes
configure:4562: checking for sys/types.h
configure:4562: gcc -c -g -O2  conftest.c >&5
configure:4562: $? = 0
configure:4562: result: yes
configure:4562: checking for sys/stat.h
configure:4562: gcc -c -g -O2  conftest.c >&5
configure:4562: $? = 0
configure:4562: result: yes
configure:4562: checking for stdlib.h
configure:4562: gcc -c -g -O2  conftest.c >&5
configure:4562: $? = 0
configure:4562: result: yes
configure:4562: checking for string.h
configure:4562: gcc -c -g -O2  conftest.c >&5
configure:4562: $? = 0
configure:4562: result: yes
configure:4562: checking for memory.h
configure:4562: gcc -c -g -O2  conftest.c >&5
configure:4562: $? = 0
configure:4562: result: yes
configure:4562: checking for strings.h
configure:4562: gcc -c -g -O2  conftest.c >&5
configure:4562: $? = 0
configure:4562: result: yes
configure:4562: checking for inttypes.h
configure:4562: gcc -c -g -O2  conftest.c >&5
configure:4562: $? = 0
configure:4562: result: yes
configure:4562: checking for stdint.h
configure:4562: gcc -c -g -O2  conftest.c >&5
configure:4562: $? = 0
configure:4562: result: yes
configure:4562: checking for unistd.h
configure:4562: gcc -c -g -O2  conftest.c >&5
configure:4562: $? = 0
configure:4562: result: yes
configure:4575: checking minix/config.h usability
configure:4575: gcc -c -g -O2  conftest.c >&5
conftest.c:52:10: fatal error: minix/config.h: No such file or directory
   52 | #include <minix/config.h>
      |          ^~~~~~~~~~~~~~~~
compilation terminated.
configure:4575: $? = 1
configure: failed program was:
| /* confdefs.h */
| #define PACKAGE_NAME "asterisk"
| #define PACKAGE_TARNAME "asterisk"
| #define PACKAGE_VERSION "trunk"
| #define PACKAGE_STRING "asterisk trunk"
| #define PACKAGE_BUGREPORT "https://issues.asterisk.org"
| #define PACKAGE_URL ""
| #define STDC_HEADERS 1
| #define HAVE_SYS_TYPES_H 1
| #define HAVE_SYS_STAT_H 1
| #define HAVE_STDLIB_H 1
| #define HAVE_STRING_H 1
| #define HAVE_MEMORY_H 1
| #define HAVE_STRINGS_H 1
| #define HAVE_INTTYPES_H 1
| #define HAVE_STDINT_H 1
| #define HAVE_UNISTD_H 1
| /* end confdefs.h.  */
| #include <stdio.h>
| #ifdef HAVE_SYS_TYPES_H
| # include <sys/types.h>
| #endif
| #ifdef HAVE_SYS_STAT_H
| # include <sys/stat.h>
| #endif
| #ifdef STDC_HEADERS
| # include <stdlib.h>
| # include <stddef.h>
| #else
| # ifdef HAVE_STDLIB_H
| #  include <stdlib.h>
| # endif
| #endif
| #ifdef HAVE_STRING_H
| # if !defined STDC_HEADERS && defined HAVE_MEMORY_H
| #  include <memory.h>
| # endif
| # include <string.h>
| #endif
| #ifdef HAVE_STRINGS_H
| # include <strings.h>
| #endif
| #ifdef HAVE_INTTYPES_H
| # include <inttypes.h>
| #endif
| #ifdef HAVE_STDINT_H
| # include <stdint.h>
| #endif
| #ifdef HAVE_UNISTD_H
| # include <unistd.h>
| #endif
| #include <minix/config.h>
configure:4575: result: no
configure:4575: checking minix/config.h presence
configure:4575: gcc -E  conftest.c
conftest.c:19:10: fatal error: minix/config.h: No such file or directory
   19 | #include <minix/config.h>
      |          ^~~~~~~~~~~~~~~~
compilation terminated.
configure:4575: $? = 1
configure: failed program was:
| /* confdefs.h */
| #define PACKAGE_NAME "asterisk"
| #define PACKAGE_TARNAME "asterisk"
| #define PACKAGE_VERSION "trunk"
| #define PACKAGE_STRING "asterisk trunk"
| #define PACKAGE_BUGREPORT "https://issues.asterisk.org"
| #define PACKAGE_URL ""
| #define STDC_HEADERS 1
| #define HAVE_SYS_TYPES_H 1
| #define HAVE_SYS_STAT_H 1
| #define HAVE_STDLIB_H 1
| #define HAVE_STRING_H 1
| #define HAVE_MEMORY_H 1
| #define HAVE_STRINGS_H 1
| #define HAVE_INTTYPES_H 1
| #define HAVE_STDINT_H 1
| #define HAVE_UNISTD_H 1
| /* end confdefs.h.  */
| #include <minix/config.h>
configure:4575: result: no
configure:4575: checking for minix/config.h
configure:4575: result: no
configure:4596: checking whether it is safe to define __EXTENSIONS__
configure:4614: gcc -c -g -O2  conftest.c >&5
configure:4614: $? = 0
configure:4621: result: yes
configure:4798: checking whether char is unsigned
configure:4810: gcc -c -g -O2  conftest.c >&5
configure:4810: $? = 0
configure:4812: result: no
configure:4874: checking for uname
configure:4892: found /usr/bin/uname
configure:4904: result: /usr/bin/uname
configure:5369: checking for g++
configure:5385: found /usr/bin/g++
configure:5396: result: g++
configure:5423: checking for C++ compiler version
configure:5432: g++ --version >&5
g++ (Ubuntu 9.3.0-17ubuntu1~20.04) 9.3.0
Copyright (C) 2019 Free Software Foundation, Inc.
This is free software; see the source for copying conditions.  There is NO
warranty; not even for MERCHANTABILITY or FITNESS FOR A PARTICULAR PURPOSE.

configure:5443: $? = 0
configure:5432: g++ -v >&5
Using built-in specs.
COLLECT_GCC=g++
COLLECT_LTO_WRAPPER=/usr/lib/gcc/x86_64-linux-gnu/9/lto-wrapper
OFFLOAD_TARGET_NAMES=nvptx-none:hsa
OFFLOAD_TARGET_DEFAULT=1
Target: x86_64-linux-gnu
Configured with: ../src/configure -v --with-pkgversion='Ubuntu 9.3.0-17ubuntu1~20.04' --with-bugurl=file:///usr/share/doc/gcc-9/README.Bugs --enable-languages=c,ada,c++,go,brig,d,fortran,objc,obj-c++,gm2 --prefix=/usr --with-gcc-major-version-only --program-suffix=-9 --program-prefix=x86_64-linux-gnu- --enable-shared --enable-linker-build-id --libexecdir=/usr/lib --without-included-gettext --enable-threads=posix --libdir=/usr/lib --enable-nls --enable-clocale=gnu --enable-libstdcxx-debug --enable-libstdcxx-time=yes --with-default-libstdcxx-abi=new --enable-gnu-unique-object --disable-vtable-verify --enable-plugin --enable-default-pie --with-system-zlib --with-target-system-zlib=auto --enable-objc-gc=auto --enable-multiarch --disable-werror --with-arch-32=i686 --with-abi=m64 --with-multilib-list=m32,m64,mx32 --enable-multilib --with-tune=generic --enable-offload-targets=nvptx-none=/build/gcc-9-HskZEa/gcc-9-9.3.0/debian/tmp-nvptx/usr,hsa --without-cuda-driver --enable-checking=release --build=x86_64-linux-gnu --host=x86_64-linux-gnu --target=x86_64-linux-gnu
Thread model: posix
gcc version 9.3.0 (Ubuntu 9.3.0-17ubuntu1~20.04) 
configure:5443: $? = 0
configure:5432: g++ -V >&5
g++: error: unrecognized command line option '-V'
g++: fatal error: no input files
compilation terminated.
configure:5443: $? = 1
configure:5432: g++ -qversion >&5
g++: error: unrecognized command line option '-qversion'; did you mean '--version'?
g++: fatal error: no input files
compilation terminated.
configure:5443: $? = 1
configure:5447: checking whether we are using the GNU C++ compiler
configure:5466: g++ -c   conftest.cpp >&5
configure:5466: $? = 0
configure:5475: result: yes
configure:5484: checking whether g++ accepts -g
configure:5504: g++ -c -g  conftest.cpp >&5
configure:5504: $? = 0
configure:5545: result: yes
configure:5573: checking how to run the C preprocessor
configure:5643: result: gcc -E
configure:5663: gcc -E  conftest.c
configure:5663: $? = 0
configure:5677: gcc -E  conftest.c
conftest.c:24:10: fatal error: ac_nonexistent.h: No such file or directory
   24 | #include <ac_nonexistent.h>
      |          ^~~~~~~~~~~~~~~~~~
compilation terminated.
configure:5677: $? = 1
configure: failed program was:
| /* confdefs.h */
| #define PACKAGE_NAME "asterisk"
| #define PACKAGE_TARNAME "asterisk"
| #define PACKAGE_VERSION "trunk"
| #define PACKAGE_STRING "asterisk trunk"
| #define PACKAGE_BUGREPORT "https://issues.asterisk.org"
| #define PACKAGE_URL ""
| #define STDC_HEADERS 1
| #define HAVE_SYS_TYPES_H 1
| #define HAVE_SYS_STAT_H 1
| #define HAVE_STDLIB_H 1
| #define HAVE_STRING_H 1
| #define HAVE_MEMORY_H 1
| #define HAVE_STRINGS_H 1
| #define HAVE_INTTYPES_H 1
| #define HAVE_STDINT_H 1
| #define HAVE_UNISTD_H 1
| #define __EXTENSIONS__ 1
| #define _ALL_SOURCE 1
| #define _GNU_SOURCE 1
| #define _POSIX_PTHREAD_SEMANTICS 1
| #define _TANDEM_SOURCE 1
| /* end confdefs.h.  */
| #include <ac_nonexistent.h>
configure:5710: checking how to run the C++ preprocessor
configure:5737: g++ -E  conftest.cpp
configure:5737: $? = 0
configure:5751: g++ -E  conftest.cpp
conftest.cpp:24:10: fatal error: ac_nonexistent.h: No such file or directory
   24 | #include <ac_nonexistent.h>
      |          ^~~~~~~~~~~~~~~~~~
compilation terminated.
configure:5751: $? = 1
configure: failed program was:
| /* confdefs.h */
| #define PACKAGE_NAME "asterisk"
| #define PACKAGE_TARNAME "asterisk"
| #define PACKAGE_VERSION "trunk"
| #define PACKAGE_STRING "asterisk trunk"
| #define PACKAGE_BUGREPORT "https://issues.asterisk.org"
| #define PACKAGE_URL ""
| #define STDC_HEADERS 1
| #define HAVE_SYS_TYPES_H 1
| #define HAVE_SYS_STAT_H 1
| #define HAVE_STDLIB_H 1
| #define HAVE_STRING_H 1
| #define HAVE_MEMORY_H 1
| #define HAVE_STRINGS_H 1
| #define HAVE_INTTYPES_H 1
| #define HAVE_STDINT_H 1
| #define HAVE_UNISTD_H 1
| #define __EXTENSIONS__ 1
| #define _ALL_SOURCE 1
| #define _GNU_SOURCE 1
| #define _POSIX_PTHREAD_SEMANTICS 1
| #define _TANDEM_SOURCE 1
| /* end confdefs.h.  */
| #include <ac_nonexistent.h>
configure:5776: result: g++ -E
configure:5796: g++ -E  conftest.cpp
configure:5796: $? = 0
configure:5810: g++ -E  conftest.cpp
conftest.cpp:24:10: fatal error: ac_nonexistent.h: No such file or directory
   24 | #include <ac_nonexistent.h>
      |          ^~~~~~~~~~~~~~~~~~
compilation terminated.
configure:5810: $? = 1
configure: failed program was:
| /* confdefs.h */
| #define PACKAGE_NAME "asterisk"
| #define PACKAGE_TARNAME "asterisk"
| #define PACKAGE_VERSION "trunk"
| #define PACKAGE_STRING "asterisk trunk"
| #define PACKAGE_BUGREPORT "https://issues.asterisk.org"
| #define PACKAGE_URL ""
| #define STDC_HEADERS 1
| #define HAVE_SYS_TYPES_H 1
| #define HAVE_SYS_STAT_H 1
| #define HAVE_STDLIB_H 1
| #define HAVE_STRING_H 1
| #define HAVE_MEMORY_H 1
| #define HAVE_STRINGS_H 1
| #define HAVE_INTTYPES_H 1
| #define HAVE_STDINT_H 1
| #define HAVE_UNISTD_H 1
| #define __EXTENSIONS__ 1
| #define _ALL_SOURCE 1
| #define _GNU_SOURCE 1
| #define _POSIX_PTHREAD_SEMANTICS 1
| #define _TANDEM_SOURCE 1
| /* end confdefs.h.  */
| #include <ac_nonexistent.h>
configure:5840: checking for a sed that does not truncate output
configure:5904: result: /usr/bin/sed
configure:5909: checking for egrep
configure:5919: result: grep -E
configure:5935: checking for ld used by gcc
configure:6002: result: /usr/bin/ld
configure:6009: checking if the linker (/usr/bin/ld) is GNU ld
configure:6024: result: yes
configure:6033: checking for gawk
configure:6063: result: no
configure:6033: checking for mawk
configure:6049: found /usr/bin/mawk
configure:6060: result: mawk
configure:6085: checking for a BSD-compatible install
configure:6153: result: /usr/bin/install -c
configure:6164: checking whether ln -s works
configure:6168: result: yes
configure:6218: checking for ranlib
configure:6234: found /usr/bin/ranlib
configure:6245: result: ranlib
configure:6267: checking for GNU make
configure:6286: result: make
configure:6295: checking for egrep
configure:6357: result: /usr/bin/grep -E
configure:6412: checking for strip
configure:6428: found /usr/bin/strip
configure:6439: result: strip
configure:6512: checking for ar
configure:6528: found /usr/bin/ar
configure:6539: result: ar
configure:6572: checking for bison
configure:6590: found /usr/bin/bison
configure:6603: result: /usr/bin/bison
configure:6613: checking for cmp
configure:6631: found /usr/bin/cmp
configure:6644: result: /usr/bin/cmp
configure:6654: checking for cat
configure:6672: found /usr/bin/cat
configure:6685: result: /usr/bin/cat
configure:6695: checking for cut
configure:6713: found /usr/bin/cut
configure:6726: result: /usr/bin/cut
configure:6736: checking for flex
configure:6754: found /usr/bin/flex
configure:6767: result: /usr/bin/flex
configure:6777: checking for grep
configure:6808: result: /usr/bin/grep
configure:6820: checking for python2.7
configure:6853: result: no
configure:6820: checking for python2
configure:6853: result: no
configure:6820: checking for python
configure:6853: result: no
configure:6820: checking for python3
configure:6838: found /usr/bin/python3
configure:6850: result: /usr/bin/python3
configure:6864: checking for find
configure:6882: found /usr/bin/find
configure:6895: result: /usr/bin/find
configure:6905: checking for basename
configure:6923: found /usr/bin/basename
configure:6936: result: /usr/bin/basename
configure:6946: checking for dirname
configure:6964: found /usr/bin/dirname
configure:6977: result: /usr/bin/dirname
configure:6987: checking for sh
configure:7018: result: /bin/bash
configure:7028: checking for ln
configure:7046: found /usr/bin/ln
configure:7059: result: /usr/bin/ln
configure:7069: checking for doxygen
configure:7087: found /usr/bin/doxygen
configure:7100: result: /usr/bin/doxygen
configure:7110: checking for dot
configure:7128: found /usr/bin/dot
configure:7141: result: /usr/bin/dot
configure:7151: checking for wget
configure:7169: found /usr/bin/wget
configure:7182: result: /usr/bin/wget
configure:7192: checking for curl
configure:7210: found /usr/bin/curl
configure:7223: result: /usr/bin/curl
configure:7233: checking for xmllint
configure:7264: result: :
configure:7276: checking for xmlstarlet
configure:7294: found /usr/bin/xmlstarlet
configure:7306: result: /usr/bin/xmlstarlet
configure:7320: checking for bash
configure:7351: result: /bin/bash
configure:7361: checking for git
configure:7379: found /usr/bin/git
configure:7392: result: /usr/bin/git
configure:7402: checking for alembic
configure:7420: found /usr/bin/alembic
configure:7433: result: /usr/bin/alembic
configure:7443: checking for bzip2
configure:7461: found /usr/bin/bzip2
configure:7474: result: /usr/bin/bzip2
configure:7484: checking for tar
configure:7502: found /usr/bin/tar
configure:7515: result: /usr/bin/tar
configure:7525: checking for patch
configure:7543: found /usr/bin/patch
configure:7556: result: /usr/bin/patch
configure:7566: checking for sed
configure:7597: result: /usr/bin/sed
configure:7607: checking for nm
configure:7625: found /usr/bin/nm
configure:7638: result: /usr/bin/nm
configure:7712: checking for ldconfig
configure:7730: found /usr/sbin/ldconfig
configure:7743: result: /usr/sbin/ldconfig
configure:7753: checking for sha1sum
configure:7771: found /usr/bin/sha1sum
configure:7784: result: /usr/bin/sha1sum
configure:7794: checking for openssl
configure:7812: found /usr/bin/openssl
configure:7825: result: /usr/bin/openssl
configure:7834: checking for bison that supports parse-param
configure:7869: result: /usr/bin/bison
configure:7942: checking for soxmix
configure:7972: result: no
configure:8001: checking for md5
configure:8031: result: no
configure:8001: checking for md5sum
configure:8017: found /usr/bin/md5sum
configure:8028: result: md5sum
configure:8044: checking for a sed that does not truncate output
configure:8108: result: /usr/bin/sed
configure:8296: checking whether gcc is Clang
configure:8321: result: no
configure:8444: checking whether pthreads work with -pthread
configure:8538: gcc -o conftest -g -O2 -pthread   conftest.c   >&5
configure:8538: $? = 0
configure:8547: result: yes
configure:8566: checking for joinable pthread attribute
configure:8584: gcc -o conftest -g -O2 -pthread   conftest.c   >&5
configure:8584: $? = 0
configure:8592: result: PTHREAD_CREATE_JOINABLE
configure:8606: checking whether more special flags are required for pthreads
configure:8619: result: no
configure:8627: checking for PTHREAD_PRIO_INHERIT
configure:8643: gcc -o conftest -g -O2 -pthread   conftest.c   >&5
configure:8643: $? = 0
configure:8652: result: yes
configure:8881: checking for RAII support
configure:8903: gcc -o conftest -g -O2   conftest.c  >&5
configure:8903: $? = 0
configure:8905: checking for gcc -fnested-functions
configure:8920: gcc -c -g -O2  conftest.c >&5
configure:8920: $? = 0
configure:8923: result: no
configure:8969: checking for clang strsep/strcmp optimization
configure:8998: gcc -c -g -O2 -O1 -Werror=array-bounds  conftest.c >&5
configure:8998: $? = 0
configure:9000: result: no
configure:9182: checking for embedded pjproject (may have to download)
configure:9184: result: configuring
configure:9251: result: failed
configure:9253: Unable to configure third-party/pjproject
configure:9255: error: Re-run the ./configure command with 'NOISY_BUILD=yes' appended to see error details.

## ---------------- ##
## Cache variables. ##
## ---------------- ##

ac_cv_GNU_MAKE=make
ac_cv_GNU_MAKE_VERSION_MAJOR=4
ac_cv_GNU_MAKE_VERSION_MINOR=2
ac_cv_build=x86_64-pc-linux-gnu
ac_cv_c_compiler_gnu=yes
ac_cv_cxx_compiler_gnu=yes
ac_cv_env_CCC_set=
ac_cv_env_CCC_value=
ac_cv_env_CC_set=
ac_cv_env_CC_value=
ac_cv_env_CFLAGS_set=
ac_cv_env_CFLAGS_value=
ac_cv_env_CPPFLAGS_set=
ac_cv_env_CPPFLAGS_value=
ac_cv_env_CPP_set=
ac_cv_env_CPP_value=
ac_cv_env_CXXCPP_set=
ac_cv_env_CXXCPP_value=
ac_cv_env_CXXFLAGS_set=
ac_cv_env_CXXFLAGS_value=
ac_cv_env_CXX_set=
ac_cv_env_CXX_value=
ac_cv_env_GMIME_CFLAGS_set=
ac_cv_env_GMIME_CFLAGS_value=
ac_cv_env_GMIME_LIBS_set=
ac_cv_env_GMIME_LIBS_value=
ac_cv_env_GTK2_CFLAGS_set=
ac_cv_env_GTK2_CFLAGS_value=
ac_cv_env_GTK2_LIBS_set=
ac_cv_env_GTK2_LIBS_value=
ac_cv_env_ILBC_CFLAGS_set=
ac_cv_env_ILBC_CFLAGS_value=
ac_cv_env_ILBC_LIBS_set=
ac_cv_env_ILBC_LIBS_value=
ac_cv_env_JANSSON_CFLAGS_set=
ac_cv_env_JANSSON_CFLAGS_value=
ac_cv_env_JANSSON_CONFIGURE_OPTS_set=
ac_cv_env_JANSSON_CONFIGURE_OPTS_value=
ac_cv_env_JANSSON_LIBS_set=
ac_cv_env_JANSSON_LIBS_value=
ac_cv_env_LDFLAGS_set=
ac_cv_env_LDFLAGS_value=
ac_cv_env_LIBEDIT_CFLAGS_set=
ac_cv_env_LIBEDIT_CFLAGS_value=
ac_cv_env_LIBEDIT_LIBS_set=
ac_cv_env_LIBEDIT_LIBS_value=
ac_cv_env_LIBS_set=
ac_cv_env_LIBS_value=
ac_cv_env_LUA_VERSIONS_set=
ac_cv_env_LUA_VERSIONS_value=
ac_cv_env_PJPROJECT_CFLAGS_set=
ac_cv_env_PJPROJECT_CFLAGS_value=
ac_cv_env_PJPROJECT_CONFIGURE_OPTS_set=
ac_cv_env_PJPROJECT_CONFIGURE_OPTS_value=
ac_cv_env_PJPROJECT_LIBS_set=
ac_cv_env_PJPROJECT_LIBS_value=
ac_cv_env_PKG_CONFIG_LIBDIR_set=
ac_cv_env_PKG_CONFIG_LIBDIR_value=
ac_cv_env_PKG_CONFIG_PATH_set=
ac_cv_env_PKG_CONFIG_PATH_value=
ac_cv_env_PKG_CONFIG_set=
ac_cv_env_PKG_CONFIG_value=
ac_cv_env_PORTAUDIO_CFLAGS_set=
ac_cv_env_PORTAUDIO_CFLAGS_value=
ac_cv_env_PORTAUDIO_LIBS_set=
ac_cv_env_PORTAUDIO_LIBS_value=
ac_cv_env_PYTHONDEV_CFLAGS_set=
ac_cv_env_PYTHONDEV_CFLAGS_value=
ac_cv_env_PYTHONDEV_LIBS_set=
ac_cv_env_PYTHONDEV_LIBS_value=
ac_cv_env_SYSTEMD_CFLAGS_set=
ac_cv_env_SYSTEMD_CFLAGS_value=
ac_cv_env_SYSTEMD_LIBS_set=
ac_cv_env_SYSTEMD_LIBS_value=
ac_cv_env_build_alias_set=
ac_cv_env_build_alias_value=
ac_cv_env_host_alias_set=
ac_cv_env_host_alias_value=
ac_cv_env_target_alias_set=
ac_cv_env_target_alias_value=
ac_cv_header_inttypes_h=yes
ac_cv_header_memory_h=yes
ac_cv_header_minix_config_h=no
ac_cv_header_stdc=yes
ac_cv_header_stdint_h=yes
ac_cv_header_stdlib_h=yes
ac_cv_header_string_h=yes
ac_cv_header_strings_h=yes
ac_cv_header_sys_stat_h=yes
ac_cv_header_sys_types_h=yes
ac_cv_header_unistd_h=yes
ac_cv_host=x86_64-pc-linux-gnu
ac_cv_objext=o
ac_cv_path_ALEMBIC=/usr/bin/alembic
ac_cv_path_BASENAME=/usr/bin/basename
ac_cv_path_BASH=/bin/bash
ac_cv_path_BISON2=/usr/bin/bison
ac_cv_path_BISON=/usr/bin/bison
ac_cv_path_BZIP2=/usr/bin/bzip2
ac_cv_path_CAT=/usr/bin/cat
ac_cv_path_CMP=/usr/bin/cmp
ac_cv_path_CURL=/usr/bin/curl
ac_cv_path_CUT=/usr/bin/cut
ac_cv_path_DIRNAME=/usr/bin/dirname
ac_cv_path_DOT=/usr/bin/dot
ac_cv_path_DOXYGEN=/usr/bin/doxygen
ac_cv_path_EGREP='/usr/bin/grep -E'
ac_cv_path_FIND=/usr/bin/find
ac_cv_path_FLEX=/usr/bin/flex
ac_cv_path_GIT=/usr/bin/git
ac_cv_path_GREP=/usr/bin/grep
ac_cv_path_LDCONFIG=/usr/sbin/ldconfig
ac_cv_path_LN=/usr/bin/ln
ac_cv_path_NM=/usr/bin/nm
ac_cv_path_OPENSSL=/usr/bin/openssl
ac_cv_path_PATCH=/usr/bin/patch
ac_cv_path_PYTHON=/usr/bin/python3
ac_cv_path_SED=/usr/bin/sed
ac_cv_path_SHA1SUM=/usr/bin/sha1sum
ac_cv_path_SHELL=/bin/bash
ac_cv_path_TAR=/usr/bin/tar
ac_cv_path_WGET=/usr/bin/wget
ac_cv_path_XMLLINT=:
ac_cv_path_XMLSTARLET=/usr/bin/xmlstarlet
ac_cv_path_ac_pt_UNAME=/usr/bin/uname
ac_cv_path_install='/usr/bin/install -c'
ac_cv_prog_AWK=mawk
ac_cv_prog_CPP='gcc -E'
ac_cv_prog_CXXCPP='g++ -E'
ac_cv_prog_MD5=md5sum
ac_cv_prog_ac_ct_AR=ar
ac_cv_prog_ac_ct_CC=gcc
ac_cv_prog_ac_ct_CXX=g++
ac_cv_prog_ac_ct_RANLIB=ranlib
ac_cv_prog_ac_ct_STRIP=strip
ac_cv_prog_cc_c89=
ac_cv_prog_cc_g=yes
ac_cv_prog_cxx_g=yes
ac_cv_prog_egrep='grep -E'
ac_cv_safe_to_define___extensions__=yes
ax_cv_PTHREAD_CLANG=no
ax_cv_PTHREAD_JOINABLE_ATTR=PTHREAD_CREATE_JOINABLE
ax_cv_PTHREAD_PRIO_INHERIT=yes
ax_cv_PTHREAD_SPECIAL_FLAGS=no
lt_cv_path_LD=/usr/bin/ld
lt_cv_prog_gnu_ld=yes

## ----------------- ##
## Output variables. ##
## ----------------- ##

ALEMBIC='/usr/bin/alembic'
ALLOCA=''
ALSA_DIR=''
ALSA_INCLUDE=''
ALSA_LIB=''
AR='ar'
AST_ADDRESS_SANITIZER=''
AST_ASTERISKSSL=''
AST_CLANG_BLOCKS=''
AST_CLANG_BLOCKS_LIBS=''
AST_CODE_COVERAGE='no'
AST_C_COMPILER_FAMILY='gcc'
AST_DECLARATION_AFTER_STATEMENT=''
AST_DEVMODE=''
AST_DEVMODE_STRICT=''
AST_DOWNLOAD_CACHE=''
AST_FORTIFY_SOURCE=''
AST_LEAK_SANITIZER=''
AST_NATIVE_ARCH=''
AST_NESTED_FUNCTIONS=''
AST_NO_FORMAT_TRUNCATION=''
AST_NO_STRICT_OVERFLOW=''
AST_NO_STRINGOP_TRUNCATION=''
AST_RPATH=''
AST_SHADOW_WARNINGS=''
AST_THREAD_SANITIZER=''
AST_TRAMPOLINES=''
AST_UNDEFINED_SANITIZER=''
AWK='mawk'
BASENAME='/usr/bin/basename'
BASH='/bin/bash'
BEANSTALK_DIR=''
BEANSTALK_INCLUDE=''
BEANSTALK_LIB=''
BFD_DIR=''
BFD_INCLUDE=''
BFD_LIB=''
BIND8_CFLAGS=''
BISON='/usr/bin/bison'
BKTR_DIR=''
BKTR_INCLUDE=''
BKTR_LIB=''
BLUETOOTH_DIR=''
BLUETOOTH_INCLUDE=''
BLUETOOTH_LIB=''
BUILD_CPU='x86_64'
BUILD_OS='linux-gnu'
BUILD_PLATFORM='x86_64-pc-linux-gnu'
BUILD_VENDOR='pc'
BZIP2='/usr/bin/bzip2'
CAP_DIR=''
CAP_INCLUDE=''
CAP_LIB=''
CAT='/usr/bin/cat'
CC='gcc'
CFLAGS='-g -O2'
CMP='/usr/bin/cmp'
CODEC2_DIR=''
CODEC2_INCLUDE=''
CODEC2_LIB=''
CONFIG_CFLAGS=''
CONFIG_LDFLAGS=''
CONFIG_LIBXML2=''
CONFIG_MYSQLCLIENT=''
CONFIG_NEON29=''
CONFIG_NEON=''
CONFIG_NETSNMP=''
CONFIG_SDL=''
CONFIG_SIGNED_CHAR=''
COROSYNC_CFG_STATE_TRACK_DIR=''
COROSYNC_CFG_STATE_TRACK_INCLUDE=''
COROSYNC_CFG_STATE_TRACK_LIB=''
COROSYNC_DIR=''
COROSYNC_INCLUDE=''
COROSYNC_LIB=''
CPP='gcc -E'
CPPFLAGS=''
CROSS_COMPILING=''
CRYPTO_DIR=''
CRYPTO_INCLUDE=''
CRYPTO_LIB=''
CRYPT_DIR=''
CRYPT_INCLUDE=''
CRYPT_LIB=''
CURL='/usr/bin/curl'
CURL_INCLUDE=''
CURL_LIB=''
CUT='/usr/bin/cut'
CXX='g++'
CXXCPP='g++ -E'
CXXFLAGS='-g -O2'
DAHDI_DIR=''
DAHDI_INCLUDE=''
DAHDI_LIB=''
DEFS=''
DIRNAME='/usr/bin/dirname'
DISABLE_XMLDOC=''
DOT='/usr/bin/dot'
DOWNLOAD='/usr/bin/wget'
DOWNLOAD_TIMEOUT='--timeout=$1'
DOWNLOAD_TO_STDOUT='/usr/bin/wget -q -O-'
DOXYGEN='/usr/bin/doxygen'
ECHO_C=''
ECHO_N='-n'
ECHO_T=''
EGREP='/usr/bin/grep -E'
EXEEXT=''
EXTERNALS_CACHE_DIR=''
FETCH=''
FFMPEG_DIR=''
FFMPEG_INCLUDE=''
FFMPEG_LIB=''
FFTW3_DIR=''
FFTW3_INCLUDE=''
FFTW3_LIB=''
FIND='/usr/bin/find'
FLEX='/usr/bin/flex'
FREETDS_DIR=''
FREETDS_INCLUDE=''
FREETDS_LIB=''
GENERIC_ODBC_INCLUDE=''
GENERIC_ODBC_LIB=''
GIT='/usr/bin/git'
GMIME_CFLAGS=''
GMIME_DIR=''
GMIME_INCLUDE=''
GMIME_LIB=''
GMIME_LIBS=''
GNU_LD='1'
GNU_MAKE='make'
GREP='/usr/bin/grep'
GSM_DIR=''
GSM_INCLUDE=''
GSM_INTERNAL=''
GSM_LIB=''
GTK2_CFLAGS=''
GTK2_DIR=''
GTK2_INCLUDE=''
GTK2_LIB=''
GTK2_LIBS=''
HAS_POLL=''
HOARD_DIR=''
HOARD_INCLUDE=''
HOARD_LIB=''
HOST_CPU='x86_64'
HOST_OS='linux-gnu'
HOST_PLATFORM='x86_64-pc-linux-gnu'
HOST_VENDOR='pc'
ICAL_DIR=''
ICAL_INCLUDE=''
ICAL_LIB=''
ICONV_DIR=''
ICONV_INCLUDE=''
ICONV_LIB=''
IKSEMEL_DIR=''
IKSEMEL_INCLUDE=''
IKSEMEL_LIB=''
ILBC_CFLAGS=''
ILBC_DIR=''
ILBC_INCLUDE=''
ILBC_INTERNAL=''
ILBC_LIB=''
ILBC_LIBS=''
IMAP_TK_DIR=''
IMAP_TK_INCLUDE=''
IMAP_TK_LIB=''
INOTIFY_DIR=''
INOTIFY_INCLUDE=''
INOTIFY_LIB=''
INSTALL_DATA='${INSTALL} -m 644'
INSTALL_PROGRAM='${INSTALL}'
INSTALL_SCRIPT='${INSTALL}'
IODBC_DIR=''
IODBC_INCLUDE=''
IODBC_LIB=''
ISDNNET_DIR=''
ISDNNET_INCLUDE=''
ISDNNET_LIB=''
JACK_DIR=''
JACK_INCLUDE=''
JACK_LIB=''
JANSSON_BUNDLED='no'
JANSSON_CFLAGS=''
JANSSON_CONFIGURE_OPTS=''
JANSSON_DIR=''
JANSSON_INCLUDE=''
JANSSON_LIB=''
JANSSON_LIBS=''
KQUEUE_DIR=''
KQUEUE_INCLUDE=''
KQUEUE_LIB=''
LD='/usr/bin/ld'
LDAP_DIR=''
LDAP_INCLUDE=''
LDAP_LIB=''
LDCONFIG='/usr/sbin/ldconfig'
LDFLAGS=''
LIBEDIT_CFLAGS=''
LIBEDIT_DIR=''
LIBEDIT_INCLUDE=''
LIBEDIT_IS_UNICODE_DIR=''
LIBEDIT_IS_UNICODE_INCLUDE=''
LIBEDIT_IS_UNICODE_LIB=''
LIBEDIT_LIB=''
LIBEDIT_LIBS=''
LIBOBJS=''
LIBS=''
LIBXML2_DIR=''
LIBXML2_INCLUDE=''
LIBXML2_LIB=''
LIBXSLT_CLEANUP_DIR=''
LIBXSLT_CLEANUP_INCLUDE=''
LIBXSLT_CLEANUP_LIB=''
LIBXSLT_DIR=''
LIBXSLT_INCLUDE=''
LIBXSLT_LIB=''
LN='/usr/bin/ln'
LN_S='ln -s'
LTLIBOBJS=''
LUA_DIR=''
LUA_INCLUDE=''
LUA_LIB=''
LUA_VERSIONS=''
MD5='md5sum'
MISDN_DIR=''
MISDN_INCLUDE=''
MISDN_LIB=''
MYSQLCLIENT_DIR=''
MYSQLCLIENT_INCLUDE=''
MYSQLCLIENT_LIB=''
NBS_DIR=''
NBS_INCLUDE=''
NBS_LIB=''
NEON29_DIR=''
NEON29_INCLUDE=''
NEON29_LIB=''
NEON_DIR=''
NEON_INCLUDE=''
NEON_LIB=''
NETSNMP_DIR=''
NETSNMP_INCLUDE=''
NETSNMP_LIB=''
NEWT_DIR=''
NEWT_INCLUDE=''
NEWT_LIB=''
NM='/usr/bin/nm'
NOISY_BUILD=''
OBJEXT='o'
OGG_DIR=''
OGG_INCLUDE=''
OGG_LIB=''
OPENR2_DIR=''
OPENR2_INCLUDE=''
OPENR2_LIB=''
OPENSSL='/usr/bin/openssl'
OPENSSL_BIO_METHOD_DIR=''
OPENSSL_BIO_METHOD_INCLUDE=''
OPENSSL_BIO_METHOD_LIB=''
OPENSSL_DIR=''
OPENSSL_INCLUDE=''
OPENSSL_LIB=''
OPENSSL_SRTP_DIR=''
OPENSSL_SRTP_INCLUDE=''
OPENSSL_SRTP_LIB=''
OPUSFILE_DIR=''
OPUSFILE_INCLUDE=''
OPUSFILE_LIB=''
OPUS_DIR=''
OPUS_INCLUDE=''
OPUS_LIB=''
OSARCH='linux-gnu'
OSPTK_DIR=''
OSPTK_INCLUDE=''
OSPTK_LIB=''
OSS_DIR=''
OSS_INCLUDE=''
OSS_LIB=''
PACKAGE_BUGREPORT='https://issues.asterisk.org'
PACKAGE_NAME='asterisk'
PACKAGE_STRING='asterisk trunk'
PACKAGE_TARNAME='asterisk'
PACKAGE_URL=''
PACKAGE_VERSION='trunk'
PATCH='/usr/bin/patch'
PATH_SEPARATOR=':'
PBX_ALSA=''
PBX_BASH='1'
PBX_BEANSTALK=''
PBX_BFD=''
PBX_BISON='1'
PBX_BKTR=''
PBX_BLUETOOTH=''
PBX_CAP=''
PBX_CODEC2=''
PBX_COROSYNC=''
PBX_COROSYNC_CFG_STATE_TRACK=''
PBX_CRYPT=''
PBX_CRYPTO=''
PBX_CURL=''
PBX_DAHDI=''
PBX_DAHDI_HALF_FULL=''
PBX_DLADDR=''
PBX_DYNAMIC_LIST=''
PBX_FFMPEG=''
PBX_FFTW3=''
PBX_FLEX='1'
PBX_FREETDS=''
PBX_GENERIC_ODBC=''
PBX_GLOB_BRACE=''
PBX_GLOB_NOMAGIC=''
PBX_GMIME=''
PBX_GSM=''
PBX_GTK2=''
PBX_HOARD=''
PBX_ICAL=''
PBX_ICONV=''
PBX_IKSEMEL=''
PBX_ILBC=''
PBX_IMAP_TK=''
PBX_INOTIFY=''
PBX_IODBC=''
PBX_IP_MTU_DISCOVER=''
PBX_ISDNNET=''
PBX_IXJUSER=''
PBX_JACK=''
PBX_JANSSON=''
PBX_KQUEUE=''
PBX_LAUNCHD=''
PBX_LDAP=''
PBX_LIBEDIT=''
PBX_LIBEDIT_IS_UNICODE=''
PBX_LIBXML2=''
PBX_LIBXSLT=''
PBX_LIBXSLT_CLEANUP=''
PBX_LUA=''
PBX_MISDN=''
PBX_MISDN_FAC_ERROR=''
PBX_MISDN_FAC_RESULT=''
PBX_MSG_NOSIGNAL=''
PBX_MYSQLCLIENT=''
PBX_NBS=''
PBX_NEON29=''
PBX_NEON=''
PBX_NETSNMP=''
PBX_NEWT=''
PBX_NO_BINARY_MODULES='0'
PBX_OGG=''
PBX_OPENR2=''
PBX_OPENSSL=''
PBX_OPENSSL_BIO_METHOD=''
PBX_OPENSSL_SRTP=''
PBX_OPUS=''
PBX_OPUSFILE=''
PBX_OSPTK=''
PBX_OSREV='5.4.72-microsoft-standard-WSL2'
PBX_OSS=''
PBX_PGSQL=''
PBX_PJPROJECT=''
PBX_PJSIP_AUTH_CLT_DEINIT=''
PBX_PJSIP_DLG_CREATE_UAS_AND_INC_LOCK=''
PBX_PJSIP_ENDPOINT_COMPACT_FORM=''
PBX_PJSIP_EVSUB_GRP_LOCK=''
PBX_PJSIP_EXTERNAL_RESOLVER=''
PBX_PJSIP_GET_DEST_INFO=''
PBX_PJSIP_INV_ACCEPT_MULTIPLE_SDP_ANSWERS=''
PBX_PJSIP_INV_SESSION_REF=''
PBX_PJSIP_OAUTH_AUTHENTICATION=''
PBX_PJSIP_REPLACE_MEDIA_STREAM=''
PBX_PJSIP_TLS_TRANSPORT_PROTO=''
PBX_PJSIP_TRANSPORT_DISABLE_CONNECTION_REUSE=''
PBX_PJSIP_TSX_LAYER_FIND_TSX2=''
PBX_PJ_SSL_CERT_LOAD_FROM_FILES2=''
PBX_PJ_TRANSACTION_GRP_LOCK=''
PBX_POPT=''
PBX_PORTAUDIO=''
PBX_PRI=''
PBX_PRI_AOC_EVENTS=''
PBX_PRI_CALL_HOLD=''
PBX_PRI_CALL_REROUTING=''
PBX_PRI_CALL_WAITING=''
PBX_PRI_CCSS=''
PBX_PRI_DATETIME_SEND=''
PBX_PRI_DISPLAY_TEXT=''
PBX_PRI_HANGUP_FIX=''
PBX_PRI_INBANDDISCONNECT=''
PBX_PRI_L2_PERSISTENCE=''
PBX_PRI_MCID=''
PBX_PRI_MWI=''
PBX_PRI_MWI_V2=''
PBX_PRI_PROG_W_CAUSE=''
PBX_PRI_REVERSE_CHARGE=''
PBX_PRI_SERVICE_MESSAGES=''
PBX_PRI_SETUP_ACK_INBAND=''
PBX_PRI_SETUP_KEYPAD=''
PBX_PRI_SUBADDR=''
PBX_PRI_TRANSFER=''
PBX_PTHREAD_RECURSIVE_MUTEX_INITIALIZER_NP=''
PBX_PTHREAD_RWLOCK_INITIALIZER=''
PBX_RADIUS=''
PBX_RESAMPLE=''
PBX_RT=''
PBX_RTLD_NOLOAD=''
PBX_SDL=''
PBX_SDL_IMAGE=''
PBX_SNDFILE=''
PBX_SO_NOSIGPIPE=''
PBX_SPANDSP=''
PBX_SPEEX=''
PBX_SPEEXDSP=''
PBX_SPEEX_PREPROCESS=''
PBX_SQLITE3=''
PBX_SQLITE=''
PBX_SRTP=''
PBX_SRTP_192=''
PBX_SRTP_256=''
PBX_SRTP_GCM=''
PBX_SRTP_GET_VERSION=''
PBX_SRTP_SHUTDOWN=''
PBX_SS7=''
PBX_SUPPSERV=''
PBX_SYSLOG=''
PBX_SYSLOG_FACILITY_LOG_AUTH=''
PBX_SYSLOG_FACILITY_LOG_AUTHPRIV=''
PBX_SYSLOG_FACILITY_LOG_CRON=''
PBX_SYSLOG_FACILITY_LOG_DAEMON=''
PBX_SYSLOG_FACILITY_LOG_FTP=''
PBX_SYSLOG_FACILITY_LOG_KERN=''
PBX_SYSLOG_FACILITY_LOG_LPR=''
PBX_SYSLOG_FACILITY_LOG_MAIL=''
PBX_SYSLOG_FACILITY_LOG_NEWS=''
PBX_SYSLOG_FACILITY_LOG_SYSLOG=''
PBX_SYSLOG_FACILITY_LOG_UUCP=''
PBX_SYSTEMD=''
PBX_TIMERFD=''
PBX_TONEZONE=''
PBX_UNBOUND=''
PBX_UNIXODBC=''
PBX_URIPARSER=''
PBX_VORBIS=''
PBX_VPB=''
PBX_WINARCH='0'
PBX_WORKING_FORK=''
PBX_X11=''
PBX_XMLSTARLET='1'
PBX_ZLIB=''
PERMANENT_DLOPEN=''
PGSQL_DIR=''
PGSQL_INCLUDE=''
PGSQL_LIB=''
PG_CONFIG=''
PJPROJECT_BUNDLED='yes'
PJPROJECT_CFLAGS=''
PJPROJECT_CONFIGURE_OPTS=' --build= --host='
PJPROJECT_DIR='third-party/pjproject'
PJPROJECT_INCLUDE=''
PJPROJECT_LIB=''
PJPROJECT_LIBS=''
PJSIP_AUTH_CLT_DEINIT_DIR=''
PJSIP_AUTH_CLT_DEINIT_INCLUDE=''
PJSIP_AUTH_CLT_DEINIT_LIB=''
PJSIP_DLG_CREATE_UAS_AND_INC_LOCK_DIR=''
PJSIP_DLG_CREATE_UAS_AND_INC_LOCK_INCLUDE=''
PJSIP_DLG_CREATE_UAS_AND_INC_LOCK_LIB=''
PJSIP_ENDPOINT_COMPACT_FORM_DIR=''
PJSIP_ENDPOINT_COMPACT_FORM_INCLUDE=''
PJSIP_ENDPOINT_COMPACT_FORM_LIB=''
PJSIP_EVSUB_GRP_LOCK_DIR=''
PJSIP_EVSUB_GRP_LOCK_INCLUDE=''
PJSIP_EVSUB_GRP_LOCK_LIB=''
PJSIP_EXTERNAL_RESOLVER_DIR=''
PJSIP_EXTERNAL_RESOLVER_INCLUDE=''
PJSIP_EXTERNAL_RESOLVER_LIB=''
PJSIP_GET_DEST_INFO_DIR=''
PJSIP_GET_DEST_INFO_INCLUDE=''
PJSIP_GET_DEST_INFO_LIB=''
PJSIP_INV_ACCEPT_MULTIPLE_SDP_ANSWERS_DIR=''
PJSIP_INV_ACCEPT_MULTIPLE_SDP_ANSWERS_INCLUDE=''
PJSIP_INV_ACCEPT_MULTIPLE_SDP_ANSWERS_LIB=''
PJSIP_INV_SESSION_REF_DIR=''
PJSIP_INV_SESSION_REF_INCLUDE=''
PJSIP_INV_SESSION_REF_LIB=''
PJSIP_OAUTH_AUTHENTICATION_DIR=''
PJSIP_OAUTH_AUTHENTICATION_INCLUDE=''
PJSIP_OAUTH_AUTHENTICATION_LIB=''
PJSIP_REPLACE_MEDIA_STREAM_DIR=''
PJSIP_REPLACE_MEDIA_STREAM_INCLUDE=''
PJSIP_REPLACE_MEDIA_STREAM_LIB=''
PJSIP_TLS_TRANSPORT_PROTO_DIR=''
PJSIP_TLS_TRANSPORT_PROTO_INCLUDE=''
PJSIP_TLS_TRANSPORT_PROTO_LIB=''
PJSIP_TRANSPORT_DISABLE_CONNECTION_REUSE_DIR=''
PJSIP_TRANSPORT_DISABLE_CONNECTION_REUSE_INCLUDE=''
PJSIP_TRANSPORT_DISABLE_CONNECTION_REUSE_LIB=''
PJSIP_TSX_LAYER_FIND_TSX2_DIR=''
PJSIP_TSX_LAYER_FIND_TSX2_INCLUDE=''
PJSIP_TSX_LAYER_FIND_TSX2_LIB=''
PJ_SSL_CERT_LOAD_FROM_FILES2_DIR=''
PJ_SSL_CERT_LOAD_FROM_FILES2_INCLUDE=''
PJ_SSL_CERT_LOAD_FROM_FILES2_LIB=''
PJ_TRANSACTION_GRP_LOCK_DIR=''
PJ_TRANSACTION_GRP_LOCK_INCLUDE=''
PJ_TRANSACTION_GRP_LOCK_LIB=''
PKG_CONFIG=''
PKG_CONFIG_LIBDIR=''
PKG_CONFIG_PATH=''
POPT_DIR=''
POPT_INCLUDE=''
POPT_LIB=''
PORTAUDIO_CFLAGS=''
PORTAUDIO_DIR=''
PORTAUDIO_INCLUDE=''
PORTAUDIO_LIB=''
PORTAUDIO_LIBS=''
POW_LIB=''
PRI_AOC_EVENTS_DIR=''
PRI_AOC_EVENTS_INCLUDE=''
PRI_AOC_EVENTS_LIB=''
PRI_CALL_HOLD_DIR=''
PRI_CALL_HOLD_INCLUDE=''
PRI_CALL_HOLD_LIB=''
PRI_CALL_REROUTING_DIR=''
PRI_CALL_REROUTING_INCLUDE=''
PRI_CALL_REROUTING_LIB=''
PRI_CALL_WAITING_DIR=''
PRI_CALL_WAITING_INCLUDE=''
PRI_CALL_WAITING_LIB=''
PRI_CCSS_DIR=''
PRI_CCSS_INCLUDE=''
PRI_CCSS_LIB=''
PRI_DATETIME_SEND_DIR=''
PRI_DATETIME_SEND_INCLUDE=''
PRI_DATETIME_SEND_LIB=''
PRI_DIR=''
PRI_DISPLAY_TEXT_DIR=''
PRI_DISPLAY_TEXT_INCLUDE=''
PRI_DISPLAY_TEXT_LIB=''
PRI_HANGUP_FIX_DIR=''
PRI_HANGUP_FIX_INCLUDE=''
PRI_HANGUP_FIX_LIB=''
PRI_INBANDDISCONNECT_DIR=''
PRI_INBANDDISCONNECT_INCLUDE=''
PRI_INBANDDISCONNECT_LIB=''
PRI_INCLUDE=''
PRI_L2_PERSISTENCE_DIR=''
PRI_L2_PERSISTENCE_INCLUDE=''
PRI_L2_PERSISTENCE_LIB=''
PRI_LIB=''
PRI_MCID_DIR=''
PRI_MCID_INCLUDE=''
PRI_MCID_LIB=''
PRI_MWI_DIR=''
PRI_MWI_INCLUDE=''
PRI_MWI_LIB=''
PRI_MWI_V2_DIR=''
PRI_MWI_V2_INCLUDE=''
PRI_MWI_V2_LIB=''
PRI_PROG_W_CAUSE_DIR=''
PRI_PROG_W_CAUSE_INCLUDE=''
PRI_PROG_W_CAUSE_LIB=''
PRI_REVERSE_CHARGE_DIR=''
PRI_REVERSE_CHARGE_INCLUDE=''
PRI_REVERSE_CHARGE_LIB=''
PRI_SERVICE_MESSAGES_DIR=''
PRI_SERVICE_MESSAGES_INCLUDE=''
PRI_SERVICE_MESSAGES_LIB=''
PRI_SETUP_ACK_INBAND_DIR=''
PRI_SETUP_ACK_INBAND_INCLUDE=''
PRI_SETUP_ACK_INBAND_LIB=''
PRI_SETUP_KEYPAD_DIR=''
PRI_SETUP_KEYPAD_INCLUDE=''
PRI_SETUP_KEYPAD_LIB=''
PRI_SUBADDR_DIR=''
PRI_SUBADDR_INCLUDE=''
PRI_SUBADDR_LIB=''
PRI_TRANSFER_DIR=''
PRI_TRANSFER_INCLUDE=''
PRI_TRANSFER_LIB=''
PTHREAD_CC='gcc'
PTHREAD_CFLAGS='-pthread'
PTHREAD_LIBS=''
PYTHON='/usr/bin/python3'
PYTHONDEV_CFLAGS=''
PYTHONDEV_INCLUDE=''
PYTHONDEV_LIB=''
PYTHONDEV_LIBS=''
RADIUS_DIR=''
RADIUS_INCLUDE=''
RADIUS_LIB=''
RANLIB='ranlib'
RESAMPLE_DIR=''
RESAMPLE_INCLUDE=''
RESAMPLE_LIB=''
RT_DIR=''
RT_INCLUDE=''
RT_LIB=''
SDL_DIR=''
SDL_IMAGE_DIR=''
SDL_IMAGE_INCLUDE=''
SDL_IMAGE_LIB=''
SDL_INCLUDE=''
SDL_LIB=''
SED='/usr/bin/sed'
SHA1SUM='/usr/bin/sha1sum'
SHELL='/bin/bash'
SNDFILE_DIR=''
SNDFILE_INCLUDE=''
SNDFILE_LIB=''
SOUNDS_CACHE_DIR=''
SOXMIX=':'
SPANDSP_DIR=''
SPANDSP_INCLUDE=''
SPANDSP_LIB=''
SPEEXDSP_DIR=''
SPEEXDSP_INCLUDE=''
SPEEXDSP_LIB=''
SPEEX_DIR=''
SPEEX_INCLUDE=''
SPEEX_LIB=''
SPEEX_PREPROCESS_DIR=''
SPEEX_PREPROCESS_INCLUDE=''
SPEEX_PREPROCESS_LIB=''
SQLITE3_DIR=''
SQLITE3_INCLUDE=''
SQLITE3_LIB=''
SQLITE_DIR=''
SQLITE_INCLUDE=''
SQLITE_LIB=''
SRTP_192_DIR=''
SRTP_192_INCLUDE=''
SRTP_192_LIB=''
SRTP_256_DIR=''
SRTP_256_INCLUDE=''
SRTP_256_LIB=''
SRTP_DIR=''
SRTP_GCM_DIR=''
SRTP_GCM_INCLUDE=''
SRTP_GCM_LIB=''
SRTP_GET_VERSION_DIR=''
SRTP_GET_VERSION_INCLUDE=''
SRTP_GET_VERSION_LIB=''
SRTP_INCLUDE=''
SRTP_LIB=''
SRTP_SHUTDOWN_DIR=''
SRTP_SHUTDOWN_INCLUDE=''
SRTP_SHUTDOWN_LIB=''
SS7_DIR=''
SS7_INCLUDE=''
SS7_LIB=''
STRIP='strip'
SUPPSERV_DIR=''
SUPPSERV_INCLUDE=''
SUPPSERV_LIB=''
SYSTEMD_CFLAGS=''
SYSTEMD_INCLUDE=''
SYSTEMD_LIB=''
SYSTEMD_LIBS=''
TAR='/usr/bin/tar'
TIMERFD_DIR=''
TIMERFD_INCLUDE=''
TIMERFD_LIB=''
TONEZONE_DIR=''
TONEZONE_INCLUDE=''
TONEZONE_LIB=''
UNAME='/usr/bin/uname'
UNBOUND_DIR=''
UNBOUND_INCLUDE=''
UNBOUND_LIB=''
UNIXODBC_DIR=''
UNIXODBC_INCLUDE=''
UNIXODBC_LIB=''
URIPARSER_DIR=''
URIPARSER_INCLUDE=''
URIPARSER_LIB=''
UUID_INCLUDE=''
UUID_LIB=''
VORBIS_DIR=''
VORBIS_INCLUDE=''
VORBIS_LIB=''
VPB_DIR=''
VPB_INCLUDE=''
VPB_LIB=''
WGET='/usr/bin/wget'
X11_DIR=''
X11_INCLUDE=''
X11_LIB=''
XMLLINT=':'
XMLSTARLET='/usr/bin/xmlstarlet'
ZLIB_DIR=''
ZLIB_INCLUDE=''
ZLIB_LIB=''
_libcurl_config=''
ac_ct_AR='ar'
ac_ct_CC='gcc'
ac_ct_CXX='g++'
ac_ct_STRIP='strip'
astcachedir='/tmp'
astdatadir='${astvarlibdir}'
astdbdir='${astvarlibdir}'
astetcdir='${sysconfdir}/asterisk'
astheaderdir='${includedir}/asterisk'
astkeydir='${astvarlibdir}'
astlibdir='${libdir}'
astlogdir='${localstatedir}/log/asterisk'
astmandir='${mandir}'
astmoddir='${libdir}/asterisk/modules'
astsbindir='${sbindir}'
astspooldir='${localstatedir}/spool/asterisk'
astvarlibdir='${localstatedir}/lib/asterisk'
astvarrundir='${localstatedir}/run/asterisk'
ax_pthread_config=''
bindir='${exec_prefix}/bin'
build='x86_64-pc-linux-gnu'
build_alias=''
build_cpu='x86_64'
build_os='linux-gnu'
build_vendor='pc'
datadir='${datarootdir}'
datarootdir='${prefix}/share'
docdir='${datarootdir}/doc/${PACKAGE_TARNAME}'
dvidir='${docdir}'
exec_prefix='NONE'
host='x86_64-pc-linux-gnu'
host_alias=''
host_cpu='x86_64'
host_os='linux-gnu'
host_vendor='pc'
htmldir='${docdir}'
includedir='${prefix}/include'
infodir='${datarootdir}/info'
libdir='${exec_prefix}/lib'
libexecdir='${exec_prefix}/libexec'
localedir='${datarootdir}/locale'
localstatedir='/var'
mandir='${datarootdir}/man'
oldincludedir='/usr/include'
pdfdir='${docdir}'
prefix='NONE'
program_transform_name='s,x,x,'
psdir='${docdir}'
sbindir='${exec_prefix}/sbin'
sharedstatedir='${prefix}/com'
sysconfdir='/etc'
target_alias=''

## ----------- ##
## confdefs.h. ##
## ----------- ##

/* confdefs.h */
#define PACKAGE_NAME "asterisk"
#define PACKAGE_TARNAME "asterisk"
#define PACKAGE_VERSION "trunk"
#define PACKAGE_STRING "asterisk trunk"
#define PACKAGE_BUGREPORT "https://issues.asterisk.org"
#define PACKAGE_URL ""
#define STDC_HEADERS 1
#define HAVE_SYS_TYPES_H 1
#define HAVE_SYS_STAT_H 1
#define HAVE_STDLIB_H 1
#define HAVE_STRING_H 1
#define HAVE_MEMORY_H 1
#define HAVE_STRINGS_H 1
#define HAVE_INTTYPES_H 1
#define HAVE_STDINT_H 1
#define HAVE_UNISTD_H 1
#define __EXTENSIONS__ 1
#define _ALL_SOURCE 1
#define _GNU_SOURCE 1
#define _POSIX_PTHREAD_SEMANTICS 1
#define _TANDEM_SOURCE 1
#define HAVE_PTHREAD_PRIO_INHERIT 1
#define HAVE_PTHREAD 1

configure: exit 1
